1 10 20
100 200 125
201 210 89
900 1000 174
22 22 16
10 1 20
200 100 125
210 201 89
1000 900 174
1 1 1
2 2 2
3 3 8
4 4 3
5 5 6
6 6 9
7 7 17
8 8 4
9 9 20
10 10 7
11 11 15
12 12 10
1 2 2
1 3 8
1 4 8
1 5 8
1 6 9
1 7 17
1 8 17
1 9 20
1 10 20
1 11 20
1 12 20
2 1 2
3 1 8
4 1 8
5 1 8
6 1 9
7 1 17
8 1 17
9 1 20
10 1 20
11 1 20
12 1 20
2 3 8
2 4 8
2 5 8
2 6 9
2 7 17
2 8 17
2 9 20
2 10 20
2 11 20
2 12 20
3 4 8
3 5 8
3 6 9
3 7 17
3 8 17
3 9 20
3 10 20
3 11 20
3 12 20
4 5 6
4 6 9
4 7 17
4 8 17
4 9 20
4 10 20
4 11 20
4 12 20
5 5 6
5 6 9
5 7 17
5 8 17
5 9 20
5 10 20
5 11 20
5 12 20
6 6 9
6 7 17
6 8 17
6 9 20
6 10 20
6 11 20
6 12 20
7 7 17
7 8 17
7 9 20
7 10 20
7 11 20
7 12 20
8 8 4
8 9 20
8 10 20
8 11 20
8 12 20
9 9 20
9 10 20
9 11 20
9 12 20
10 10 7
10 11 15
10 12 15
11 11 15
11 12 15
12 12 10
