1 10 20
100 200 125
201 210 89
900 1000 174
4331 4370 184
8454 8517 203
1275 1335 177
868 893 179
5674 5732 174
6157 6232 262
6649 6694 182
5837 5857 218
5646 5696 205
12 26 24
6072 6165 187
3714 3762 176
8753 8767 216
266 299 118
8305 8344 203
2114 2116 82
6272 6337 200
1041 1118 169
7556 7634 177
5014 5095 179
1863 1934 175
5286 5379 192
4455 4530 184
6988 7023 195
8085 8102 190
9386 9390 123
7482 7506 177
8675 8728 203
6028 6057 187
3612 3617 163
9560 9610 198
1293 1370 177
8403 8498 203
9766 9813 198
8708 8790 216
716 809 153
7473 7511 177
925 1008 174
8564 8569 172
5634 5675 205
6747 6793 182
4987 5007 179
807 888 179
7327 7336 102
7889 7904 190
4526 4554 184
850 855 60
8875 8963 247
5491 5544 205
7768 7827 221
176 240 128
459 519 142
889 981 174
642 668 145
230 305 128
812 817 135
28 37 107
455105 454316 338
8395 8417 159
812714 757822 468
381264 384975 374
7 1656 182
19 305 128
65608 466 340
61 70 108
476601 9137 449
9997 10012 211
75656 6334 340
2883 2892 142
898 903 117
5 8 17
13 7 20
7 24124 282
81883 101461 341
23 47 112
588887 597479 403
8 228366 386
999609 999531 290
607 598 119
658782 740950 504
31973 32050 254
839795 839864 269
628272 628269 142
9488 9504 167
498 505 111
7731 7746 177
4 3858 238
7397 98 262
30 22 112
36896 36579 218
6 83841 351
100426 99439 341
2 6153 238
128 185 125
28 13 112
9779 9727 167
238182 239128 350
357768 189 443
4294 4373 184
87366 4 351
25 739684 509
261 99414 351
1467 1541 172
386 422 134
828207 827958 282
498 917 179
368359 368450 317
33 76981 340
71441 2 340
696989 9267 509
779794 82449 509
7 325 131
391 575976 470
41 69 113
472209 92767 449
7794 8192 252
712638 713560 411
15612 14676 271
8 418627 449
29 13952 276
8 801 171
25897 8 282
11 2 20
76718 891946 525
2 37 112
4541 4580 184
26944 5 308
443822 41 449
6835 10097 260
32 6520 262
938430 938383 295
10130 886 262
68 8817 262
2164 1275 180
50334 49748 265
6 89131 351
81761 72413 351
93 257 128
25 222 125
7 22 21
5 275220 443
971 975 143
93421 748003 509
989315 278154 525
421 422 41
13663 5966 276
95 100 119
84689 107883 354
45185 52796 340
23997 24773 264
82 106 119
125772 494 354
371672 372323 317
91 56 116
772477 924813 525
5000 705000 509
705000 5000 509
