1 1 1
9 7 20
8 3 17
2 1 2
8 4 17
9 3 20
5 1 8
2 2 2
3 7 17
9 7 20
2 1 2
9 3 20
57 9 113
33 60 113
78 99 119
35 16 112
26 97 119
67 12 113
33 10 112
49 79 116
21 79 116
72 67 103
36 93 116
45 85 116
91 28 116
57 94 116
53 1 112
44 8 112
90 68 116
96 24 116
3 30 112
66 22 113
24 49 112
853 801 135
408 977 179
933 228 179
981 298 179
13 635 144
814 865 148
536 63 144
669 425 145
94 115 119
501 629 137
195 517 144
404 105 144
298 451 144
123 188 125
882 505 179
566 752 171
337 716 171
144 438 144
897 501 179
828 871 179
358 137 144
397 177 144
904 294 179
231 609 144
175 745 171
298 635 144
399 142 144
412 968 179
557 260 144
8 594 144
968 395 179
4530 9113 262
962 1006 143
5365 7942 262
9852 2082 262
3821 767 238
4712 5695 236
9901 3671 262
4831 8590 262
3057 4738 238
9790 1616 262
679 5640 238
7006 7335 195
6098 7972 262
5319 9095 262
5223 3454 238
6760 2289 262
6126 8905 262
9506 6123 262
6770 5813 262
9094 5238 262
7844 6220 257
534 2366 183
5394 5226 192
8738 1363 262
9590 7844 260
5159 6550 262
4947 8623 262
7217 7385 195
5539 5272 192
2385 9247 262
4885 3496 238
2420 623 183
1968 8144 262
9915 5735 262
3534 1625 217
6011 6042 187
4152 4679 215
7295 5244 262
396 8818 262
1815 7692 262
33 2991 217
19397 22669 274
10547 89553 351
21210 75825 340
30211 29662 272
73377 33808 340
625 22761 279
1868 37335 324
2776 77995 351
97439 62767 351
89331 29874 351
56301 40556 340
560 68872 340
18984 20094 274
39789 13755 324
28015 51407 324
22769 30193 308
3455 15680 276
67506 16855 340
33502 70963 340
63108 86676 351
2331 63249 340
87638 77844 338
39997 60808 340
54849 28651 340
95731 45203 351
98014 96531 297
36775 95419 351
30180 42009 324
95223 87929 333
88260 44054 351
91545 76737 351
37525 47317 314
34256 4200 311
60597 21564 340
37704 6648 324
25150 25550 264
1412 41976 324
82797 38554 351
48381 2504 324
7065 34748 311
47699 59378 340
25129 78209 351
65483 78553 351
64607 50447 340
45322 80773 351
55176 64305 335
27224 70053 340
80366 84630 320
60444 5400 340
70285 95370 351
93898 83016 333
841133 608155 525
696576 515557 509
658266 953178 525
221711 187357 386
320614 227878 443
795737 474819 509
620591 983133 525
48762 623720 470
976197 306633 525
238588 576031 470
54873 860589 525
637304 998877 525
861200 979358 507
68960 777254 509
293947 14915 443
207730 645480 509
674546 669955 367
841238 837107 525
984926 340000 525
774857 545035 509
250114 561113 470
601360 929593 525
968418 498354 525
342585 25357 443
721015 313729 509
106102 776563 509
786643 860917 525
62967 819419 509
245269 547747 470
423303 855395 525
719103 404473 509
424385 711748 509
163459 205658 365
673930 45406 509
285132 739824 509
959603 300973 525
907920 246897 525
135231 603950 470
620203 488480 470
824520 213900 509
481258 462533 413
618676 217003 470
423934 820950 509
279879 558780 470
482574 941832 525
174542 433549 449
252771 306249 407
915879 766310 525
669970 200983 509
82723 392040 443
902971 73650 525
190318 753229 509
710299 917746 525
185621 687230 509
850124 270776 525
76958 668244 509
666771 747696 504
791560 829064 468
318751 56598 443
764503 869940 525
192801 789551 509
