1 10 20
100 200 125
201 210 89
900 1000 174
2481 722314 509
1803 516963 449
2552 384884 443
2112 635375 509
2913 937828 525
1772 389461 443
558 263072 443
700 170258 383
2331 58600 324
2485 239670 386
1037 381282 443
2872 783246 509
103 240100 443
1826 445066 449
3049 926343 525
8 966504 525
92 82150 351
530 82458 351
1295 439188 449
1369 629045 470
3054 441153 449
1499 48800 324
27 112879 354
692 869189 525
2595 295498 443
570 874057 525
1325 742386 509
2731 697179 509
1915 775385 509
2052 222743 386
2933 38134 308
510 336904 443
305 211564 383
47 641679 509
2282 410337 443
1832 89962 351
1801 585647 470
53 967682 525
1863 788175 509
968 229007 386
2390 750327 509
764 715215 509
2798 130400 354
470 396957 443
2172 820654 509
2982 476305 449
2259 484759 449
1689 629360 470
2521 405147 443
493 691763 509
1198 145998 354
2909 773579 509
38 59380 324
1119 925131 525
2150 310326 443
1389 219820 383
2898 709233 509
117 740760 509
1835 720175 509
514 640701 509
2312 655567 509
819 834087 509
1724 739126 509
2909 205682 383
2199 183882 383
271 622780 470
895 362763 443
2535 2405 209
319 452371 449
1513 875226 525
2358 104620 351
712 229006 386
667 688495 509
2244 856355 525
1830 272198 443
1554 142565 354
2502 346248 443
2369 71141 340
98 945715 525
1644 212396 383
855 875914 525
739 475966 449
2122 247161 443
1252 226957 386
2728 545584 470
998 906048 525
1739 624318 470
355 107524 351
2836 586226 470
2401 420356 449
288 965001 525
108 883533 525
310 355961 443
1878 916327 525
2410 695133 509
665 853131 525
2387 87986 351
1199 685026 509
3042 196818 383
2095 101557 351
254 186323 383
557 991188 525
2410 857430 525
2521 329325 443
1326 789109 509
578 342133 443
1170 968965 525
894 508527 449
424 961900 525
1152 902799 525
944 391404 443
2416 718073 509
3082 572019 470
1152 832893 509
1845 445825 449
1126 950324 525
702 765658 509
2534 163907 383
2550 521657 470
1750 272424 443
