1 10 20
100 200 125
201 210 89
900 1000 174
1 5 8
10 100 119
7 14 20
13 56 113
377 668 145
662 946 179
214 548 144
204 761 171
300 660 145
160 995 179
42 59 113
43 96 116
65 100 119
13 52 112
54 77 116
656 945 179
87 645 144
45 64 113
56 84 116
765 821 153
43 100 119
12 45 112
73 200 125
6 56 113
8 16 20
3 5 8
57 154 122
9 87 116
66 100 119
743 1000 179
35 88 116
576 600 119
83 100 119
5 25 24
908 999 174
21 50 112
65 70 28
73 90 116
48 200 125
59 100 119
26 150 122
15 60 113
487 500 142
32 37 27
65 95 116
98 110 114
87 120 119
547 700 145
21 29 112
54 65 113
12 15 18
45 88 116
748 888 179
78 100 119
10 10 7
45 45 17
7 2 17
90 60 116
10 1 20
200 100 125
210 201 89
1000 900 174
87 6 116
93 58 116
30 15 112
46 17 112
30 58 113
21 60 113
46 95 116
5 56 113
520 520 31
69 85 116
268 259 123
191 167 125
218 219 115
253 200 128
933 945 174
974 939 143
67 104 119
122 122 21
68 122 119
85 63 116
21 14 21
14 21 21
1 1 1
64 12 113
65 123 119
118 27 119
27 76 116
20 80 116
15 66 113
155 54 122
57 121 119
646 646 101
115 78 119
56 78 116
60 52 113
29 53 110
44 14 112
40 23 112
56 16 113
35 10 112
36 45 110
44 48 105
66 66 28
40 41 110
31 17 112
51 42 105
51 45 105
18 33 112
59 31 113
41 18 112
40 40 9
21 53 112
31 14 112
68 31 113
68 54 113
88 86 31
59 70 108
52 75 116
58 66 108
89 100 119
110 150 122
45 67 113
59 32 113
1 16 20

