1 10 20
100 200 125
201 210 89
900 1000 174
1000 1 179
999999 1 525
800000 700000 504
43 89 116
9842 23 262
65 78 116
1 1 1
2 2 2
66 67 28
67 66 28
1 900000 525
345 456 134
765 6453 262
234 667 145
999999 999999 259
999998 999998 259
12 1 20
90 80 111
98 99 26
52 53 12
56 77 116
4 8 17
8 16 20
16 32 112
32 64 113
64 128 119
128 256 128
256 512 144
1 512 144
512 1 144
123 654 145
12 65 113
1000 10000 262
2 999999 525
3 999999 525
4 999999 525
666666 999999 525
777777 999999 525
676767 999999 525
666666 888888 525
666666 878787 525
1 30 112
29 29 19
31 31 107
17 17 13
26 26 11
43 34 110
54 45 113
56 65 108
67 76 116
78 87 111
89 98 119
123 321 131
234 432 144
345 543 142
456 654 145
567 765 171
678 876 179
789 987 179
1234 4321 238
2345 5423 238
3456 6543 262
4567 7654 262
5678 8765 262
6789 9876 260
10 100 119
100 10 119
1000 10 179
10000 10 262
10 1000 179
10 10000 262
666 999 179
999 666 179
1 1 1
2 2 2
3 310 128
100 10 119
1000 10 179
10000 10 262
10 1000 179
10 10000 262
666 999 179
999 666 179
1 1 1
2 2 2
3 310 128
100 10 119
1000 10 179
10000 10 262
10 1000 179
10 10000 262
666 999 179
999 666 179
444 555 142
555 7777 262
66 7777 262
87787 7666 351
98 89 119
64 24 113
