1 10 20
100 200 125
201 210 89
900 1000 174
511 663 145
684 679 127
461 787 171
84 986 179
622 26 144
286 373 144
135 86 122
84 818 171
493 218 144
136 209 125
476 866 171
291 528 144
23 720 171
332 444 134
560 158 144
91 421 144
670 130 145
635 999 179
283 595 144
180 125 125
518 280 144
297 322 131
929 200 179
380 970 179
57 465 144
945 728 179
933 378 179
122 350 144
164 610 144
606 956 179
654 119 145
610 354 142
903 67 179
878 42 179
786 389 171
193 873 179
628 625 132
889 629 179
60 434 144
564 867 171
831 382 171
181 801 171
268 215 128
650 608 145
150 560 144
239 455 144
412 671 145
716 860 153
541 896 179
273 792 171
250 572 144
694 698 127
145 104 122
181 432 144
853 966 179
412 726 171
657 712 171
248 423 144
752 355 171
627 91 144
828 361 171
997 640 179
795 78 171
784 729 153
281 416 144
557 374 142
348 453 134
84 661 145
85 494 144
375 356 95
351 418 134
63 502 144
502 421 142
335 537 142
347 635 142
861 345 171
751 822 153
643 811 171
265 333 144
271 236 123
798 216 171
271 539 144
886 477 179
19 190 125
428 568 142
798 801 122
419 540 142
909 231 179
831 291 171
612 660 145
221 935 179
570 15 144
551 14 144
84 248 128
580 988 179
17 662 145
926 306 179
815 15 171
441 103 144
3 16 20
961 105 179
95 128 119
555 786 171
59 918 179
724 858 153
880 663 179
551 78 144
676 495 145
887 373 179
836 431 171
511 584 137
563 53 144
953 391 179
25 42 112
736 923 179
547 274 144
987 317 179
199 966 179
655 474 145
834 250 171
705 903 179
785 920 179
170 121 122
651 960 179
754 162 171
44 673 145
806 849 135
305 578 144
244 302 123
812 573 171
64 800 171
18 737 171
609 877 179
189 883 179
916 775 179
254 565 144
938 429 179
118 898 179
687 162 145
617 830 171
392 510 142
821 75 171
229 812 171
56 272 128
197 398 144
851 543 171
742 543 171
397 429 134
331 347 126
95 901 179
164 933 179
330 752 171
232 767 171
349 397 126
960 684 179
400 481 134
654 834 171
163 680 145
389 973 179
14 716 171
992 978 143
839 546 171
588 777 171
863 999 179
356 780 171
689 658 145
967 9 179
406 178 144
132 760 171
628 792 171
502 439 142
727 251 171
881 494 179
736 846 153
572 636 132
