1 10 20
100 200 125
201 210 89
900 1000 174
1 999999 525
999999 1 525
1 524288 470
999983 999983 166
1 1 1
1 2 2
2 1 2
999999 999999 259
2 2 2
4 4 3
8 8 4
16 16 5
32 32 6
64 64 7
128 128 8
256 256 9
512 512 10
1024 1024 11
2048 2048 12
4096 4096 13
8192 8192 14
16384 16384 15
32768 32768 16
65536 65536 17
131072 131072 18
262144 262144 19
524288 524288 20
3 3 8
7 7 17
15 15 18
17 17 13
1023 1023 63
1025 1025 37
2047 2047 157
2049 2049 157
4095 4095 158
4097 4097 114
8191 8191 159
8193 8193 53
16383 16383 160
16385 16385 54
32767 32767 130
32769 32769 99
65535 65535 131
65537 65537 100
131071 131071 225
131073 131073 101
262143 262143 226
262145 262145 102
524289 524289 103
524287 524287 178
1 99 119
99 1 119
1 999 179
999 1 179
99 999 179
999 99 179
1 9999 262
9999 1 262
999 9999 262
9999 999 262
1 99999 351
99999 1 351
9999 99999 351
99999 9999 351
99999 999999 525
999999 99999 525
10000 20000 279
30000 20000 308
30000 40000 324
50000 40000 314
50000 60000 340
70000 60000 335
70000 80000 351
90000 80000 333
90000 100000 333
100000 200000 383
300000 200000 443
300000 400000 441
500000 400000 449
500000 600000 470
700000 600000 509
700000 800000 504
900000 800000 525
900000 999999 507
850000 999999 507
900000 850000 445
800000 850000 525
800000 825000 450
825000 850000 525
840000 850000 419
830000 840000 525
835000 840000 525
837000 840000 525
838000 840000 388
837000 838000 525
837000 837500 313
838000 837500 525
837500 837750 282
837750 838000 525
837799 837799 525
